<?xml version="1.0" encoding="utf-8"?>
<TestRun id="6959acd4-1d84-440a-9e7c-4607e91b95a3" name="@192 2024-05-19 10:39:44" xmlns="http://microsoft.com/schemas/VisualStudio/TeamTest/2010">
  <Times creation="2024-05-19T10:39:45.0060670+03:00" queuing="2024-05-19T10:39:45.0060670+03:00" start="2024-05-19T10:39:41.7515360+03:00" finish="2024-05-19T10:39:50.8297850+03:00" />
  <TestSettings name="default" id="3df037f0-8a1f-4bcb-a11a-121c4295632a">
    <Deployment runDeploymentRoot="_192_2024-05-19_10_39_44" />
  </TestSettings>
  <Results>
    <UnitTestResult executionId="dcd91e85-23e3-4ff9-bce9-8b0f265511d0" testId="65e16b28-929b-ef50-8012-4e07f1806886" testName="CheckoutTest" computerName="192" duration="00:00:03.1380580" startTime="2024-05-19T10:39:44.2459740+03:00" endTime="2024-05-19T10:39:47.3839660+03:00" testType="13cdc9d9-ddb5-4fa4-a97d-d965ccfc6d4b" outcome="Passed" testListId="8c84fa94-04c1-424b-9868-57a2d4851a1d" relativeResultsDirectory="dcd91e85-23e3-4ff9-bce9-8b0f265511d0" />
    <UnitTestResult executionId="61e21bd7-9d6e-4908-92dc-bf6f6ce73e5e" testId="227b69b4-69e0-ebfb-3f01-ce39984ff0c4" testName="AddProductToCartTest" computerName="192" duration="00:00:01.6196970" startTime="2024-05-19T10:39:49.1827000+03:00" endTime="2024-05-19T10:39:50.8023630+03:00" testType="13cdc9d9-ddb5-4fa4-a97d-d965ccfc6d4b" outcome="Passed" testListId="8c84fa94-04c1-424b-9868-57a2d4851a1d" relativeResultsDirectory="61e21bd7-9d6e-4908-92dc-bf6f6ce73e5e" />
    <UnitTestResult executionId="6fac5853-db00-43b9-8dc0-df125cc7cbf3" testId="bef52dc6-8537-c34e-a329-4a6aa5e90ed6" testName="ValidLoginTest" computerName="192" duration="00:00:02.1929630" startTime="2024-05-19T10:39:42.0504670+03:00" endTime="2024-05-19T10:39:44.2433330+03:00" testType="13cdc9d9-ddb5-4fa4-a97d-d965ccfc6d4b" outcome="Passed" testListId="8c84fa94-04c1-424b-9868-57a2d4851a1d" relativeResultsDirectory="6fac5853-db00-43b9-8dc0-df125cc7cbf3" />
    <UnitTestResult executionId="25464209-335d-423b-b713-b561d6b3efba" testId="72b62f46-99ce-103f-fbc0-2ba980b4c702" testName="CompleteCheckoutTest" computerName="192" duration="00:00:01.7979830" startTime="2024-05-19T10:39:47.3842800+03:00" endTime="2024-05-19T10:39:49.1822210+03:00" testType="13cdc9d9-ddb5-4fa4-a97d-d965ccfc6d4b" outcome="Passed" testListId="8c84fa94-04c1-424b-9868-57a2d4851a1d" relativeResultsDirectory="25464209-335d-423b-b713-b561d6b3efba" />
  </Results>
  <TestDefinitions>
    <UnitTest name="CheckoutTest" storage="/users/nikosthermogiannis/repos/csharp-ecommerce-automation-framework/bin/debug/net8.0/csharp-ecommerce-automation-framework.dll" id="65e16b28-929b-ef50-8012-4e07f1806886">
      <Execution id="dcd91e85-23e3-4ff9-bce9-8b0f265511d0" />
      <TestMethod codeBase="/Users/nikosthermogiannis/Repos/csharp-ecommerce-automation-framework/bin/Debug/net8.0/csharp-ecommerce-automation-framework.dll" adapterTypeName="executor://nunit3testexecutor/" className="SauceDemoTests.Tests.CartTests" name="CheckoutTest" />
    </UnitTest>
    <UnitTest name="ValidLoginTest" storage="/users/nikosthermogiannis/repos/csharp-ecommerce-automation-framework/bin/debug/net8.0/csharp-ecommerce-automation-framework.dll" id="bef52dc6-8537-c34e-a329-4a6aa5e90ed6">
      <Execution id="6fac5853-db00-43b9-8dc0-df125cc7cbf3" />
      <TestMethod codeBase="/Users/nikosthermogiannis/Repos/csharp-ecommerce-automation-framework/bin/Debug/net8.0/csharp-ecommerce-automation-framework.dll" adapterTypeName="executor://nunit3testexecutor/" className="SauceDemoTests.Tests.AuthenticationTests" name="ValidLoginTest" />
    </UnitTest>
    <UnitTest name="AddProductToCartTest" storage="/users/nikosthermogiannis/repos/csharp-ecommerce-automation-framework/bin/debug/net8.0/csharp-ecommerce-automation-framework.dll" id="227b69b4-69e0-ebfb-3f01-ce39984ff0c4">
      <Execution id="61e21bd7-9d6e-4908-92dc-bf6f6ce73e5e" />
      <TestMethod codeBase="/Users/nikosthermogiannis/Repos/csharp-ecommerce-automation-framework/bin/Debug/net8.0/csharp-ecommerce-automation-framework.dll" adapterTypeName="executor://nunit3testexecutor/" className="SauceDemoTests.Tests.ProductsTests" name="AddProductToCartTest" />
    </UnitTest>
    <UnitTest name="CompleteCheckoutTest" storage="/users/nikosthermogiannis/repos/csharp-ecommerce-automation-framework/bin/debug/net8.0/csharp-ecommerce-automation-framework.dll" id="72b62f46-99ce-103f-fbc0-2ba980b4c702">
      <Execution id="25464209-335d-423b-b713-b561d6b3efba" />
      <TestMethod codeBase="/Users/nikosthermogiannis/Repos/csharp-ecommerce-automation-framework/bin/Debug/net8.0/csharp-ecommerce-automation-framework.dll" adapterTypeName="executor://nunit3testexecutor/" className="SauceDemoTests.Tests.CheckoutTests" name="CompleteCheckoutTest" />
    </UnitTest>
  </TestDefinitions>
  <TestEntries>
    <TestEntry testId="65e16b28-929b-ef50-8012-4e07f1806886" executionId="dcd91e85-23e3-4ff9-bce9-8b0f265511d0" testListId="8c84fa94-04c1-424b-9868-57a2d4851a1d" />
    <TestEntry testId="227b69b4-69e0-ebfb-3f01-ce39984ff0c4" executionId="61e21bd7-9d6e-4908-92dc-bf6f6ce73e5e" testListId="8c84fa94-04c1-424b-9868-57a2d4851a1d" />
    <TestEntry testId="bef52dc6-8537-c34e-a329-4a6aa5e90ed6" executionId="6fac5853-db00-43b9-8dc0-df125cc7cbf3" testListId="8c84fa94-04c1-424b-9868-57a2d4851a1d" />
    <TestEntry testId="72b62f46-99ce-103f-fbc0-2ba980b4c702" executionId="25464209-335d-423b-b713-b561d6b3efba" testListId="8c84fa94-04c1-424b-9868-57a2d4851a1d" />
  </TestEntries>
  <TestLists>
    <TestList name="Results Not in a List" id="8c84fa94-04c1-424b-9868-57a2d4851a1d" />
    <TestList name="All Loaded Results" id="19431567-8539-422a-85d7-44ee4e166bda" />
  </TestLists>
  <ResultSummary outcome="Completed">
    <Counters total="4" executed="4" passed="4" failed="0" error="0" timeout="0" aborted="0" inconclusive="0" passedButRunAborted="0" notRunnable="0" notExecuted="0" disconnected="0" warning="0" completed="0" inProgress="0" pending="0" />
    <Output>
      <StdOut>NUnit Adapter 4.5.0.0: Test execution started
Running all tests in /Users/nikosthermogiannis/Repos/csharp-ecommerce-automation-framework/bin/Debug/net8.0/csharp-ecommerce-automation-framework.dll
   NUnit3TestExecutor discovered 4 of 4 NUnit test cases using Current Discovery mode, Non-Explicit run
NUnit Adapter 4.5.0.0: Test execution complete
</StdOut>
    </Output>
  </ResultSummary>
</TestRun>